[04:08:41] [main/INFO]: Environment: authHost='https://authserver.mojang.com', accountsHost='https://api.mojang.com', sessionHost='https://sessionserver.mojang.com', servicesHost='https://api.minecraftservices.com', name='PROD'
[04:08:42] [main/WARN]: Ambiguity between arguments [teleport, destination] and [teleport, targets] with inputs: [Player, 0123, @e, dd12be42-52a9-4a91-a8a1-11c01849e498]
[04:08:42] [main/WARN]: Ambiguity between arguments [teleport, location] and [teleport, destination] with inputs: [0.1 -0.5 .9, 0 0 0]
[04:08:42] [main/WARN]: Ambiguity between arguments [teleport, location] and [teleport, targets] with inputs: [0.1 -0.5 .9, 0 0 0]
[04:08:42] [main/WARN]: Ambiguity between arguments [teleport, targets] and [teleport, destination] with inputs: [Player, 0123, dd12be42-52a9-4a91-a8a1-11c01849e498]
[04:08:42] [main/WARN]: Ambiguity between arguments [teleport, targets, location] and [teleport, targets, destination] with inputs: [0.1 -0.5 .9, 0 0 0]
[04:08:42] [main/INFO]: Reloading ResourceManager: Default
[04:08:43] [Worker-Main-4/INFO]: Loaded 7 recipes
[04:08:43] [Worker-Main-4/INFO]: Loaded 927 advancements
[04:08:45] [Server thread/INFO]: Starting minecraft server version 1.16.5
[04:08:45] [Server thread/INFO]: Loading properties
[04:08:45] [Server thread/INFO]: Default game type: SURVIVAL
[04:08:45] [Server thread/INFO]: Generating keypair
[04:08:45] [Server thread/INFO]: Starting Minecraft server on *:25565
[04:08:46] [Server thread/INFO]: Using epoll channel type
[04:08:46] [Server thread/WARN]: **** SERVER IS RUNNING IN OFFLINE/INSECURE MODE!
[04:08:46] [Server thread/WARN]: The server will make no attempt to authenticate usernames. Beware.
[04:08:46] [Server thread/WARN]: While this makes the game possible to play without internet access, it also opens up the ability for hackers to connect with any username they choose.
[04:08:46] [Server thread/WARN]: To change this, set "online-mode" to "true" in the server.properties file.
[04:08:46] [Server thread/INFO]: Preparing level "world"
[04:08:46] [Server thread/INFO]: Preparing start region for dimension minecraft:overworld
[04:08:47] [Server thread/INFO]: Preparing spawn area: 0%
[04:08:47] [Server thread/INFO]: Preparing spawn area: 0%
[04:08:47] [Server thread/INFO]: Preparing spawn area: 0%
[04:08:47] [Server thread/INFO]: Preparing spawn area: 0%
[04:08:48] [Server thread/INFO]: Time elapsed: 1957 ms
[04:08:48] [Server thread/INFO]: Done (2.033s)! For help, type "help"
[04:09:07] [Server thread/INFO]: elpaxarz[/127.23.16.54:42749] logged in with entity id 42 at (-287.78014551389407, 75.0587968405392, 147.3548387981412)
[04:09:08] [Server thread/INFO]: elpaxarz joined the game
[04:09:09] [Server thread/INFO]: HERBERPRO[/127.156.225.78:43757] logged in with entity id 116 at (-299.5689312999357, 76.0, 148.87773619481374)
[04:09:09] [Server thread/INFO]: HERBERPRO joined the game
[04:09:12] [Server thread/INFO]: AugustoButiDMC[/127.132.209.140:34161] logged in with entity id 158 at (-283.49274430858907, 74.9375, 147.68648002971142)
[04:09:12] [Server thread/INFO]: AugustoButiDMC joined the game
[04:09:31] [Server thread/INFO]: <elpaxarz> q paso
[04:09:52] [Server thread/INFO]: <AugustoButiDMC> xd?
[04:10:00] [Server thread/INFO]: <elpaxarz> no tioo
[04:10:02] [Server thread/INFO]: <AugustoButiDMC> nos atrapo el bicho
[04:10:08] [Server thread/INFO]: <HERBERPRO> HOLA
[04:10:16] [Server thread/INFO]: <AugustoButiDMC> OLA
[04:10:19] [Server thread/INFO]: <elpaxarz> oa
[04:10:23] [Server thread/INFO]: <elpaxarz> q comen
[04:10:28] [Server thread/INFO]: <elpaxarz> inviten
[04:10:37] [Server thread/INFO]: <AugustoButiDMC> the house
[04:10:38] [Server thread/INFO]: <AugustoButiDMC> XD
[04:10:48] [Server thread/INFO]: <AugustoButiDMC> A
[04:10:54] [Server thread/WARN]: Ignoring unknown attribute 'generic.knockbackResistance'
[04:10:59] [Server thread/INFO]: Light7[/127.6.183.42:54653] logged in with entity id 181 at (-301.9464583006185, 76.0, 147.39473625490743)
[04:10:59] [Server thread/INFO]: Light7 joined the game
[04:11:04] [Server thread/INFO]: <HERBERPRO> TPALE
[04:11:12] [Server thread/INFO]: <Light7> a
[04:11:16] [Server thread/INFO]: <AugustoButiDMC> xd
[04:11:49] [Server thread/INFO]: <AugustoButiDMC> tomate esto
[04:12:06] [Server thread/INFO]: <elpaxarz> herber
[04:12:10] [Server thread/INFO]: <HERBERPRO> QUE
[04:12:12] [Server thread/INFO]: <AugustoButiDMC> xdd
[04:12:12] [Server thread/INFO]: <elpaxarz> tomate esto
[04:12:13] [Server thread/INFO]: <AugustoButiDMC> miren
[04:12:15] [Server thread/INFO]: <Light7> a
[04:12:35] [Server thread/INFO]: <AugustoButiDMC> hay camaras
[04:12:38] [Server thread/INFO]: <elpaxarz> tmr
[04:12:45] [Server thread/INFO]: <elpaxarz> es fnaf o q
[04:12:49] [Server thread/INFO]: <AugustoButiDMC> no se xd
[04:12:53] [Server thread/INFO]: <AugustoButiDMC> y esto
[04:13:07] [Server thread/INFO]: <AugustoButiDMC> MIREN
[04:13:38] [Server thread/INFO]: <Light7> no puedo pegar
[04:14:12] [Server thread/INFO]: <Light7> buti
[04:14:15] [Server thread/INFO]: <AugustoButiDMC> dime
[04:14:15] [Server thread/INFO]: <Light7> no puedo golpear
[04:14:25] [Server thread/INFO]: <AugustoButiDMC> a
[04:14:34] [Server thread/INFO]: <AugustoButiDMC> pero todos pueden
[04:14:43] [Server thread/INFO]: <Light7> yo no
[04:14:49] [Server thread/INFO]: <AugustoButiDMC> ya no es culpa mia
[04:14:59] [Server thread/INFO]: <AugustoButiDMC> creo q es pq no estuviste en el loadind
[04:15:10] [Server thread/INFO]: <Light7> ojala el condon no se hubiera roto
[04:15:12] [Server thread/INFO]: <elpaxarz> ABAJOO
[04:15:24] [Server thread/INFO]: <Light7> tepeame
[04:15:49] [Server thread/INFO]: <Light7> no estoy en la cas
[04:16:34] [Server thread/INFO]: <AugustoButiDMC> ya lo mate
[04:16:37] [Server thread/INFO]: <HERBERPRO> SII
[04:16:39] [Server thread/INFO]: <Light7> tepeame me mato x
[04:17:10] [Server thread/INFO]: <AugustoButiDMC> a quien le falta espada de oro
[04:17:21] [Server thread/INFO]: <HERBERPRO> YO
[04:17:59] [Server thread/INFO]: <AugustoButiDMC> deja traduzco
[04:18:14] [Server thread/INFO]: <elpaxarz> tengo un disco
[04:18:21] [Server thread/INFO]: Villager bfj['Leatherworker'/152, l='ServerLevel[Minecraft Horror Map]', x=-453.75, y=84.00, z=167.21] died, message: 'Leatherworker was slain by AugustoButiDMC'
[04:18:46] [Server thread/INFO]: <elpaxarz> ACAAA
[04:18:52] [Server thread/INFO]: <elpaxarz> VENGAN
[04:19:04] [Server thread/INFO]: <AugustoButiDMC> falta una valvula
[04:19:35] [Server thread/INFO]: <AugustoButiDMC> listo
[04:20:12] [Server thread/INFO]: <AugustoButiDMC> falta 1 creo
[04:20:32] [Server thread/INFO]: <Light7> mrd
[04:20:32] [Server thread/WARN]: Ignoring unknown attribute 'generic.followRange'
[04:20:32] [Server thread/WARN]: Ignoring unknown attribute 'generic.followRange'
[04:20:34] [Server thread/INFO]: <AugustoButiDMC> un nokia
[04:20:34] [Server thread/INFO]: <elpaxarz> EMM
[04:20:40] [Server thread/INFO]: <AugustoButiDMC> aaa
[04:20:46] [Server thread/INFO]: <HERBERPRO> XDDD
[04:20:47] [Server thread/INFO]: <elpaxarz> AAa
[04:20:54] [Server thread/INFO]: <AugustoButiDMC> listoo
[04:20:58] [Server thread/INFO]: <elpaxarz> tp
[04:20:59] [Server thread/INFO]: <AugustoButiDMC> mira
[04:21:10] [Server thread/INFO]: <Light7> xd
[04:21:13] [Server thread/INFO]: <elpaxarz> grarx
[04:21:16] [Server thread/INFO]: <AugustoButiDMC> vamos
[04:21:24] [Server thread/INFO]: <AugustoButiDMC> no peguen
[04:21:34] [Server thread/INFO]: <AugustoButiDMC> ya p
[04:22:01] [Server thread/INFO]: <AugustoButiDMC> faltan valvulas
[04:22:02] [Server thread/INFO]: <Light7> waos
[04:22:16] [Server thread/INFO]: <AugustoButiDMC> ahora si falta una
[04:22:35] [Server thread/INFO]: <Light7> donde hay para poner musica
[04:22:58] [Server thread/INFO]: <AugustoButiDMC> encontre la valvula
[04:23:12] [Server thread/INFO]: <AugustoButiDMC> esta hay
[04:23:15] [Server thread/INFO]: <AugustoButiDMC> una llavr
[04:23:37] [Server thread/INFO]: Villager bfj['Villager'/151, l='ServerLevel[Minecraft Horror Map]', x=-444.41, y=90.00, z=141.78] died, message: 'Villager was slain by HERBERPRO'
[04:24:07] [Server thread/INFO]: <AugustoButiDMC> grax
[04:24:21] [Server thread/INFO]: <AugustoButiDMC> vamos go
[04:24:48] [Server thread/INFO]: <AugustoButiDMC> y la zona de valvulas xd
[04:24:58] [Server thread/INFO]: <AugustoButiDMC> donde esta xd
[04:25:20] [Server thread/INFO]: <elpaxarz> ALVÇ
[04:25:23] [Server thread/INFO]: <elpaxarz> ACA
[04:25:27] [Server thread/INFO]: <HERBERPRO> DONDE ESTAN
[04:25:31] [Server thread/INFO]: <HERBERPRO> TPAME
[04:25:47] [Server thread/INFO]: <Light7> a
[04:25:47] [Server thread/INFO]: <AugustoButiDMC> xdd
[04:25:49] [Server thread/INFO]: <HERBERPRO> XD
[04:25:50] [Server thread/INFO]: <elpaxarz> a
[04:26:15] [Server thread/INFO]: <AugustoButiDMC> no pegues
[04:26:20] [Server thread/INFO]: <AugustoButiDMC> xd
[04:26:22] [Server thread/INFO]: <HERBERPRO> XDD
[04:26:30] [Server thread/INFO]: <elpaxarz> tiene netherire
[04:27:45] [Server thread/INFO]: <AugustoButiDMC> no peguen oe
[04:27:46] [Server thread/INFO]: <elpaxarz> light no peges
[04:28:32] [Server thread/INFO]: <Light7> oe
